<?xml version="1.0" encoding="UTF-8"?>
<!-- Generated by org.testng.reporters.JUnitReportReporter -->
<testsuite hostname="dgsurfacepro" failures="0" tests="1" name="testcases.Signin_Existinguser" time="110.197" errors="0" timestamp="2025-05-14T15:27:02 IST" skipped="0">
  <testcase classname="testcases.Signin_Existinguser" name="login" time="110.197"/>
  <system-out/>
</testsuite> <!-- testcases.Signin_Existinguser -->
