<?xml version="1.0" encoding="UTF-8"?>
<!-- Generated by org.testng.reporters.JUnitReportReporter -->
<testsuite hostname="dgsurfacepro" failures="0" tests="1" name="testcases.Signin" time="26.705" errors="0" timestamp="2025-05-18T17:47:38 IST" skipped="0">
  <testcase classname="testcases.Signin" name="login" time="26.705"/>
  <system-out/>
</testsuite> <!-- testcases.Signin -->
